[2024-09-19T09:08:13.689+0000] {local_task_job_runner.py:123} INFO - ::group::Pre task execution logs
[2024-09-19T09:08:13.695+0000] {taskinstance.py:2612} INFO - Dependencies all met for dep_context=non-requeueable deps ti=<TaskInstance: monitoring_dag.detect_file manual__2024-09-19T09:08:11.262247+00:00 [queued]>
[2024-09-19T09:08:13.698+0000] {taskinstance.py:2612} INFO - Dependencies all met for dep_context=requeueable deps ti=<TaskInstance: monitoring_dag.detect_file manual__2024-09-19T09:08:11.262247+00:00 [queued]>
[2024-09-19T09:08:13.698+0000] {taskinstance.py:2865} INFO - Starting attempt 1 of 1
[2024-09-19T09:08:13.703+0000] {taskinstance.py:2888} INFO - Executing <Task(PythonSensor): detect_file> on 2024-09-19 09:08:11.262247+00:00
[2024-09-19T09:08:13.706+0000] {warnings.py:112} WARNING - /home/***/.local/lib/python3.12/site-packages/***/task/task_runner/standard_task_runner.py:70: DeprecationWarning: This process (pid=61) is multi-threaded, use of fork() may lead to deadlocks in the child.
  pid = os.fork()

[2024-09-19T09:08:13.706+0000] {standard_task_runner.py:72} INFO - Started process 76 to run task
[2024-09-19T09:08:13.707+0000] {standard_task_runner.py:104} INFO - Running: ['***', 'tasks', 'run', 'monitoring_dag', 'detect_file', 'manual__2024-09-19T09:08:11.262247+00:00', '--job-id', '60', '--raw', '--subdir', 'DAGS_FOLDER/monitoring-dag.py', '--cfg-path', '/tmp/tmptutlvtwb']
[2024-09-19T09:08:13.708+0000] {standard_task_runner.py:105} INFO - Job 60: Subtask detect_file
[2024-09-19T09:08:13.724+0000] {task_command.py:467} INFO - Running <TaskInstance: monitoring_dag.detect_file manual__2024-09-19T09:08:11.262247+00:00 [running]> on host d2d815eb1dcc
[2024-09-19T09:08:13.747+0000] {taskinstance.py:3131} INFO - Exporting env vars: AIRFLOW_CTX_DAG_OWNER='***' AIRFLOW_CTX_DAG_ID='monitoring_dag' AIRFLOW_CTX_TASK_ID='detect_file' AIRFLOW_CTX_EXECUTION_DATE='2024-09-19T09:08:11.262247+00:00' AIRFLOW_CTX_TRY_NUMBER='1' AIRFLOW_CTX_DAG_RUN_ID='manual__2024-09-19T09:08:11.262247+00:00'
[2024-09-19T09:08:13.748+0000] {taskinstance.py:731} INFO - ::endgroup::
[2024-09-19T09:08:13.758+0000] {python.py:75} INFO - Poking callable: <function _detect_file at 0xffff9eb81d00>
[2024-09-19T09:08:13.759+0000] {logging_mixin.py:190} INFO - HELLO WORLD
[2024-09-19T09:08:13.759+0000] {logging_mixin.py:190} INFO - CURRENT DATA LOG LIST: ['/opt/***/data/data-drift/week1.csv', '/opt/***/data/data-drift/week2.csv', '/opt/***/data/data-drift/week3.csv']
[2024-09-19T09:08:13.760+0000] {logging_mixin.py:190} INFO - CURRENT DIRECTORY: /opt/***
[2024-09-19T09:08:13.764+0000] {base.py:336} INFO - Success criteria met. Exiting.
[2024-09-19T09:08:13.767+0000] {taskinstance.py:340} INFO - ::group::Post task execution logs
[2024-09-19T09:08:13.767+0000] {taskinstance.py:352} INFO - Marking task as SUCCESS. dag_id=monitoring_dag, task_id=detect_file, run_id=manual__2024-09-19T09:08:11.262247+00:00, execution_date=20240919T090811, start_date=20240919T090813, end_date=20240919T090813
[2024-09-19T09:08:13.805+0000] {local_task_job_runner.py:266} INFO - Task exited with return code 0
[2024-09-19T09:08:13.815+0000] {taskinstance.py:3900} INFO - 0 downstream tasks scheduled from follow-on schedule check
[2024-09-19T09:08:13.815+0000] {local_task_job_runner.py:245} INFO - ::endgroup::
