[2024-09-18T14:44:25.959+0000] {processor.py:186} INFO - Started process (PID=85) to work on /home/airflow/.local/lib/python3.12/site-packages/airflow/example_dags/example_datasets.py
[2024-09-18T14:44:25.960+0000] {processor.py:914} INFO - Processing file /home/airflow/.local/lib/python3.12/site-packages/airflow/example_dags/example_datasets.py for tasks to queue
[2024-09-18T14:44:25.961+0000] {logging_mixin.py:190} INFO - [2024-09-18T14:44:25.961+0000] {dagbag.py:587} INFO - Filling up the DagBag from /home/airflow/.local/lib/python3.12/site-packages/airflow/example_dags/example_datasets.py
[2024-09-18T14:44:26.026+0000] {processor.py:925} INFO - DAG(s) 'consume_1_and_2_with_dataset_expressions', 'consume_1_or_both_2_and_3_with_dataset_expressions', 'dataset_consumes_1_never_scheduled', 'dataset_consumes_1_and_2', 'dataset_consumes_unknown_never_scheduled', 'dataset_consumes_1', 'consume_1_or_2_with_dataset_expressions', 'dataset_produces_1', 'dataset_produces_2', 'conditional_dataset_and_time_based_timetable' retrieved from /home/airflow/.local/lib/python3.12/site-packages/airflow/example_dags/example_datasets.py
[2024-09-18T14:44:26.033+0000] {logging_mixin.py:190} INFO - [2024-09-18T14:44:26.032+0000] {dag.py:3229} INFO - Sync 10 DAGs
[2024-09-18T14:44:26.045+0000] {logging_mixin.py:190} INFO - [2024-09-18T14:44:26.045+0000] {dag.py:4156} INFO - Setting next_dagrun for conditional_dataset_and_time_based_timetable to 2024-09-18 01:00:00+00:00, run_after=2024-09-18 01:00:00+00:00
[2024-09-18T14:44:26.047+0000] {logging_mixin.py:190} INFO - [2024-09-18T14:44:26.047+0000] {dag.py:4156} INFO - Setting next_dagrun for consume_1_and_2_with_dataset_expressions to None, run_after=None
[2024-09-18T14:44:26.048+0000] {logging_mixin.py:190} INFO - [2024-09-18T14:44:26.048+0000] {dag.py:4156} INFO - Setting next_dagrun for consume_1_or_2_with_dataset_expressions to None, run_after=None
[2024-09-18T14:44:26.049+0000] {logging_mixin.py:190} INFO - [2024-09-18T14:44:26.049+0000] {dag.py:4156} INFO - Setting next_dagrun for consume_1_or_both_2_and_3_with_dataset_expressions to None, run_after=None
[2024-09-18T14:44:26.049+0000] {logging_mixin.py:190} INFO - [2024-09-18T14:44:26.049+0000] {dag.py:4156} INFO - Setting next_dagrun for dataset_consumes_1 to None, run_after=None
[2024-09-18T14:44:26.050+0000] {logging_mixin.py:190} INFO - [2024-09-18T14:44:26.050+0000] {dag.py:4156} INFO - Setting next_dagrun for dataset_consumes_1_and_2 to None, run_after=None
[2024-09-18T14:44:26.050+0000] {logging_mixin.py:190} INFO - [2024-09-18T14:44:26.050+0000] {dag.py:4156} INFO - Setting next_dagrun for dataset_consumes_1_never_scheduled to None, run_after=None
[2024-09-18T14:44:26.051+0000] {logging_mixin.py:190} INFO - [2024-09-18T14:44:26.051+0000] {dag.py:4156} INFO - Setting next_dagrun for dataset_consumes_unknown_never_scheduled to None, run_after=None
[2024-09-18T14:44:26.052+0000] {logging_mixin.py:190} INFO - [2024-09-18T14:44:26.052+0000] {dag.py:4156} INFO - Setting next_dagrun for dataset_produces_1 to 2024-09-17 00:00:00+00:00, run_after=2024-09-18 00:00:00+00:00
[2024-09-18T14:44:26.052+0000] {logging_mixin.py:190} INFO - [2024-09-18T14:44:26.052+0000] {dag.py:4156} INFO - Setting next_dagrun for dataset_produces_2 to None, run_after=None
[2024-09-18T14:44:26.064+0000] {processor.py:208} INFO - Processing /home/airflow/.local/lib/python3.12/site-packages/airflow/example_dags/example_datasets.py took 0.107 seconds
[2024-09-18T14:44:57.540+0000] {processor.py:186} INFO - Started process (PID=148) to work on /home/airflow/.local/lib/python3.12/site-packages/airflow/example_dags/example_datasets.py
[2024-09-18T14:44:57.540+0000] {processor.py:914} INFO - Processing file /home/airflow/.local/lib/python3.12/site-packages/airflow/example_dags/example_datasets.py for tasks to queue
[2024-09-18T14:44:57.541+0000] {logging_mixin.py:190} INFO - [2024-09-18T14:44:57.541+0000] {dagbag.py:587} INFO - Filling up the DagBag from /home/airflow/.local/lib/python3.12/site-packages/airflow/example_dags/example_datasets.py
[2024-09-18T14:44:57.601+0000] {processor.py:925} INFO - DAG(s) 'dataset_consumes_1_and_2', 'dataset_produces_1', 'dataset_consumes_unknown_never_scheduled', 'dataset_consumes_1_never_scheduled', 'consume_1_or_2_with_dataset_expressions', 'consume_1_or_both_2_and_3_with_dataset_expressions', 'conditional_dataset_and_time_based_timetable', 'dataset_consumes_1', 'dataset_produces_2', 'consume_1_and_2_with_dataset_expressions' retrieved from /home/airflow/.local/lib/python3.12/site-packages/airflow/example_dags/example_datasets.py
[2024-09-18T14:44:57.693+0000] {logging_mixin.py:190} INFO - [2024-09-18T14:44:57.692+0000] {dag.py:3229} INFO - Sync 10 DAGs
[2024-09-18T14:44:57.702+0000] {logging_mixin.py:190} INFO - [2024-09-18T14:44:57.701+0000] {dag.py:4156} INFO - Setting next_dagrun for conditional_dataset_and_time_based_timetable to 2024-09-18 01:00:00+00:00, run_after=2024-09-18 01:00:00+00:00
[2024-09-18T14:44:57.703+0000] {logging_mixin.py:190} INFO - [2024-09-18T14:44:57.703+0000] {dag.py:4156} INFO - Setting next_dagrun for consume_1_and_2_with_dataset_expressions to None, run_after=None
[2024-09-18T14:44:57.703+0000] {logging_mixin.py:190} INFO - [2024-09-18T14:44:57.703+0000] {dag.py:4156} INFO - Setting next_dagrun for consume_1_or_2_with_dataset_expressions to None, run_after=None
[2024-09-18T14:44:57.704+0000] {logging_mixin.py:190} INFO - [2024-09-18T14:44:57.704+0000] {dag.py:4156} INFO - Setting next_dagrun for consume_1_or_both_2_and_3_with_dataset_expressions to None, run_after=None
[2024-09-18T14:44:57.704+0000] {logging_mixin.py:190} INFO - [2024-09-18T14:44:57.704+0000] {dag.py:4156} INFO - Setting next_dagrun for dataset_consumes_1 to None, run_after=None
[2024-09-18T14:44:57.705+0000] {logging_mixin.py:190} INFO - [2024-09-18T14:44:57.705+0000] {dag.py:4156} INFO - Setting next_dagrun for dataset_consumes_1_and_2 to None, run_after=None
[2024-09-18T14:44:57.705+0000] {logging_mixin.py:190} INFO - [2024-09-18T14:44:57.705+0000] {dag.py:4156} INFO - Setting next_dagrun for dataset_consumes_1_never_scheduled to None, run_after=None
[2024-09-18T14:44:57.706+0000] {logging_mixin.py:190} INFO - [2024-09-18T14:44:57.706+0000] {dag.py:4156} INFO - Setting next_dagrun for dataset_consumes_unknown_never_scheduled to None, run_after=None
[2024-09-18T14:44:57.707+0000] {logging_mixin.py:190} INFO - [2024-09-18T14:44:57.707+0000] {dag.py:4156} INFO - Setting next_dagrun for dataset_produces_1 to 2024-09-17 00:00:00+00:00, run_after=2024-09-18 00:00:00+00:00
[2024-09-18T14:44:57.707+0000] {logging_mixin.py:190} INFO - [2024-09-18T14:44:57.707+0000] {dag.py:4156} INFO - Setting next_dagrun for dataset_produces_2 to None, run_after=None
[2024-09-18T14:44:57.720+0000] {processor.py:208} INFO - Processing /home/airflow/.local/lib/python3.12/site-packages/airflow/example_dags/example_datasets.py took 0.182 seconds
