[2024-09-18T14:44:25.794+0000] {processor.py:186} INFO - Started process (PID=78) to work on /home/airflow/.local/lib/python3.12/site-packages/airflow/example_dags/example_subdag_operator.py
[2024-09-18T14:44:25.794+0000] {processor.py:914} INFO - Processing file /home/airflow/.local/lib/python3.12/site-packages/airflow/example_dags/example_subdag_operator.py for tasks to queue
[2024-09-18T14:44:25.795+0000] {logging_mixin.py:190} INFO - [2024-09-18T14:44:25.795+0000] {dagbag.py:587} INFO - Filling up the DagBag from /home/airflow/.local/lib/python3.12/site-packages/airflow/example_dags/example_subdag_operator.py
[2024-09-18T14:44:25.806+0000] {processor.py:925} INFO - DAG(s) 'example_subdag_operator.section-1', 'example_subdag_operator.section-2', 'example_subdag_operator' retrieved from /home/airflow/.local/lib/python3.12/site-packages/airflow/example_dags/example_subdag_operator.py
[2024-09-18T14:44:25.808+0000] {logging_mixin.py:190} INFO - [2024-09-18T14:44:25.808+0000] {dag.py:3229} INFO - Sync 3 DAGs
[2024-09-18T14:44:25.817+0000] {logging_mixin.py:190} INFO - [2024-09-18T14:44:25.817+0000] {dag.py:4156} INFO - Setting next_dagrun for example_subdag_operator to 2022-01-01 00:00:00+00:00, run_after=2022-01-01 00:00:00+00:00
[2024-09-18T14:44:25.818+0000] {logging_mixin.py:190} INFO - [2024-09-18T14:44:25.818+0000] {dag.py:4156} INFO - Setting next_dagrun for example_subdag_operator.section-1 to None, run_after=None
[2024-09-18T14:44:25.819+0000] {logging_mixin.py:190} INFO - [2024-09-18T14:44:25.819+0000] {dag.py:4156} INFO - Setting next_dagrun for example_subdag_operator.section-2 to None, run_after=None
[2024-09-18T14:44:25.821+0000] {logging_mixin.py:190} INFO - [2024-09-18T14:44:25.821+0000] {dag.py:3229} INFO - Sync 2 DAGs
[2024-09-18T14:44:25.823+0000] {logging_mixin.py:190} INFO - [2024-09-18T14:44:25.823+0000] {dag.py:4156} INFO - Setting next_dagrun for example_subdag_operator.section-1 to None, run_after=None
[2024-09-18T14:44:25.824+0000] {logging_mixin.py:190} INFO - [2024-09-18T14:44:25.824+0000] {dag.py:4156} INFO - Setting next_dagrun for example_subdag_operator.section-2 to None, run_after=None
[2024-09-18T14:44:25.828+0000] {processor.py:208} INFO - Processing /home/airflow/.local/lib/python3.12/site-packages/airflow/example_dags/example_subdag_operator.py took 0.036 seconds
[2024-09-18T14:44:57.279+0000] {processor.py:186} INFO - Started process (PID=141) to work on /home/airflow/.local/lib/python3.12/site-packages/airflow/example_dags/example_subdag_operator.py
[2024-09-18T14:44:57.279+0000] {processor.py:914} INFO - Processing file /home/airflow/.local/lib/python3.12/site-packages/airflow/example_dags/example_subdag_operator.py for tasks to queue
[2024-09-18T14:44:57.280+0000] {logging_mixin.py:190} INFO - [2024-09-18T14:44:57.280+0000] {dagbag.py:587} INFO - Filling up the DagBag from /home/airflow/.local/lib/python3.12/site-packages/airflow/example_dags/example_subdag_operator.py
[2024-09-18T14:44:57.292+0000] {processor.py:925} INFO - DAG(s) 'example_subdag_operator.section-1', 'example_subdag_operator.section-2', 'example_subdag_operator' retrieved from /home/airflow/.local/lib/python3.12/site-packages/airflow/example_dags/example_subdag_operator.py
[2024-09-18T14:44:57.333+0000] {logging_mixin.py:190} INFO - [2024-09-18T14:44:57.333+0000] {dag.py:3229} INFO - Sync 3 DAGs
[2024-09-18T14:44:57.342+0000] {logging_mixin.py:190} INFO - [2024-09-18T14:44:57.342+0000] {dag.py:4156} INFO - Setting next_dagrun for example_subdag_operator to 2022-01-01 00:00:00+00:00, run_after=2022-01-01 00:00:00+00:00
[2024-09-18T14:44:57.343+0000] {logging_mixin.py:190} INFO - [2024-09-18T14:44:57.343+0000] {dag.py:4156} INFO - Setting next_dagrun for example_subdag_operator.section-1 to None, run_after=None
[2024-09-18T14:44:57.344+0000] {logging_mixin.py:190} INFO - [2024-09-18T14:44:57.344+0000] {dag.py:4156} INFO - Setting next_dagrun for example_subdag_operator.section-2 to None, run_after=None
[2024-09-18T14:44:57.347+0000] {logging_mixin.py:190} INFO - [2024-09-18T14:44:57.347+0000] {dag.py:3229} INFO - Sync 2 DAGs
[2024-09-18T14:44:57.349+0000] {logging_mixin.py:190} INFO - [2024-09-18T14:44:57.349+0000] {dag.py:4156} INFO - Setting next_dagrun for example_subdag_operator.section-1 to None, run_after=None
[2024-09-18T14:44:57.349+0000] {logging_mixin.py:190} INFO - [2024-09-18T14:44:57.349+0000] {dag.py:4156} INFO - Setting next_dagrun for example_subdag_operator.section-2 to None, run_after=None
[2024-09-18T14:44:57.354+0000] {processor.py:208} INFO - Processing /home/airflow/.local/lib/python3.12/site-packages/airflow/example_dags/example_subdag_operator.py took 0.078 seconds
