[2024-09-18T14:44:25.650+0000] {processor.py:186} INFO - Started process (PID=73) to work on /home/airflow/.local/lib/python3.12/site-packages/airflow/example_dags/example_dataset_alias.py
[2024-09-18T14:44:25.650+0000] {processor.py:914} INFO - Processing file /home/airflow/.local/lib/python3.12/site-packages/airflow/example_dags/example_dataset_alias.py for tasks to queue
[2024-09-18T14:44:25.652+0000] {logging_mixin.py:190} INFO - [2024-09-18T14:44:25.651+0000] {dagbag.py:587} INFO - Filling up the DagBag from /home/airflow/.local/lib/python3.12/site-packages/airflow/example_dags/example_dataset_alias.py
[2024-09-18T14:44:25.719+0000] {processor.py:925} INFO - DAG(s) 'dataset_s3_bucket_consumer', 'dataset_s3_bucket_producer', 'dataset_alias_example_alias_producer', 'dataset_alias_example_alias_consumer' retrieved from /home/airflow/.local/lib/python3.12/site-packages/airflow/example_dags/example_dataset_alias.py
[2024-09-18T14:44:25.721+0000] {logging_mixin.py:190} INFO - [2024-09-18T14:44:25.720+0000] {dag.py:3229} INFO - Sync 4 DAGs
[2024-09-18T14:44:25.730+0000] {logging_mixin.py:190} INFO - [2024-09-18T14:44:25.730+0000] {dag.py:4156} INFO - Setting next_dagrun for dataset_alias_example_alias_consumer to None, run_after=None
[2024-09-18T14:44:25.731+0000] {logging_mixin.py:190} INFO - [2024-09-18T14:44:25.731+0000] {dag.py:4156} INFO - Setting next_dagrun for dataset_alias_example_alias_producer to None, run_after=None
[2024-09-18T14:44:25.732+0000] {logging_mixin.py:190} INFO - [2024-09-18T14:44:25.732+0000] {dag.py:4156} INFO - Setting next_dagrun for dataset_s3_bucket_consumer to None, run_after=None
[2024-09-18T14:44:25.732+0000] {logging_mixin.py:190} INFO - [2024-09-18T14:44:25.732+0000] {dag.py:4156} INFO - Setting next_dagrun for dataset_s3_bucket_producer to None, run_after=None
[2024-09-18T14:44:25.741+0000] {processor.py:208} INFO - Processing /home/airflow/.local/lib/python3.12/site-packages/airflow/example_dags/example_dataset_alias.py took 0.094 seconds
[2024-09-18T14:44:57.048+0000] {processor.py:186} INFO - Started process (PID=136) to work on /home/airflow/.local/lib/python3.12/site-packages/airflow/example_dags/example_dataset_alias.py
[2024-09-18T14:44:57.048+0000] {processor.py:914} INFO - Processing file /home/airflow/.local/lib/python3.12/site-packages/airflow/example_dags/example_dataset_alias.py for tasks to queue
[2024-09-18T14:44:57.050+0000] {logging_mixin.py:190} INFO - [2024-09-18T14:44:57.049+0000] {dagbag.py:587} INFO - Filling up the DagBag from /home/airflow/.local/lib/python3.12/site-packages/airflow/example_dags/example_dataset_alias.py
[2024-09-18T14:44:57.115+0000] {processor.py:925} INFO - DAG(s) 'dataset_s3_bucket_consumer', 'dataset_s3_bucket_producer', 'dataset_alias_example_alias_consumer', 'dataset_alias_example_alias_producer' retrieved from /home/airflow/.local/lib/python3.12/site-packages/airflow/example_dags/example_dataset_alias.py
[2024-09-18T14:44:57.169+0000] {logging_mixin.py:190} INFO - [2024-09-18T14:44:57.169+0000] {dag.py:3229} INFO - Sync 4 DAGs
[2024-09-18T14:44:57.178+0000] {logging_mixin.py:190} INFO - [2024-09-18T14:44:57.178+0000] {dag.py:4156} INFO - Setting next_dagrun for dataset_alias_example_alias_consumer to None, run_after=None
[2024-09-18T14:44:57.179+0000] {logging_mixin.py:190} INFO - [2024-09-18T14:44:57.179+0000] {dag.py:4156} INFO - Setting next_dagrun for dataset_alias_example_alias_producer to None, run_after=None
[2024-09-18T14:44:57.180+0000] {logging_mixin.py:190} INFO - [2024-09-18T14:44:57.180+0000] {dag.py:4156} INFO - Setting next_dagrun for dataset_s3_bucket_consumer to None, run_after=None
[2024-09-18T14:44:57.180+0000] {logging_mixin.py:190} INFO - [2024-09-18T14:44:57.180+0000] {dag.py:4156} INFO - Setting next_dagrun for dataset_s3_bucket_producer to None, run_after=None
[2024-09-18T14:44:57.189+0000] {processor.py:208} INFO - Processing /home/airflow/.local/lib/python3.12/site-packages/airflow/example_dags/example_dataset_alias.py took 0.147 seconds
