[2024-09-19T08:56:15.726+0000] {local_task_job_runner.py:123} INFO - ::group::Pre task execution logs
[2024-09-19T08:56:15.733+0000] {taskinstance.py:2612} INFO - Dependencies all met for dep_context=non-requeueable deps ti=<TaskInstance: monitoring_dag.detect_file scheduled__2024-09-17T16:00:00+00:00 [queued]>
[2024-09-19T08:56:15.735+0000] {taskinstance.py:2612} INFO - Dependencies all met for dep_context=requeueable deps ti=<TaskInstance: monitoring_dag.detect_file scheduled__2024-09-17T16:00:00+00:00 [queued]>
[2024-09-19T08:56:15.736+0000] {taskinstance.py:2865} INFO - Starting attempt 3 of 3
[2024-09-19T08:56:15.740+0000] {taskinstance.py:2888} INFO - Executing <Task(PythonSensor): detect_file> on 2024-09-17 16:00:00+00:00
[2024-09-19T08:56:15.743+0000] {warnings.py:112} WARNING - /home/***/.local/lib/python3.12/site-packages/***/task/task_runner/standard_task_runner.py:70: DeprecationWarning: This process (pid=118) is multi-threaded, use of fork() may lead to deadlocks in the child.
  pid = os.fork()

[2024-09-19T08:56:15.743+0000] {standard_task_runner.py:72} INFO - Started process 133 to run task
[2024-09-19T08:56:15.744+0000] {standard_task_runner.py:104} INFO - Running: ['***', 'tasks', 'run', 'monitoring_dag', 'detect_file', 'scheduled__2024-09-17T16:00:00+00:00', '--job-id', '56', '--raw', '--subdir', 'DAGS_FOLDER/monitoring-dag.py', '--cfg-path', '/tmp/tmpfb8tv73_']
[2024-09-19T08:56:15.745+0000] {standard_task_runner.py:105} INFO - Job 56: Subtask detect_file
[2024-09-19T08:56:15.764+0000] {task_command.py:467} INFO - Running <TaskInstance: monitoring_dag.detect_file scheduled__2024-09-17T16:00:00+00:00 [running]> on host 0464167cd3ba
[2024-09-19T08:56:15.792+0000] {taskinstance.py:3131} INFO - Exporting env vars: AIRFLOW_CTX_DAG_OWNER='***' AIRFLOW_CTX_DAG_ID='monitoring_dag' AIRFLOW_CTX_TASK_ID='detect_file' AIRFLOW_CTX_EXECUTION_DATE='2024-09-17T16:00:00+00:00' AIRFLOW_CTX_TRY_NUMBER='3' AIRFLOW_CTX_DAG_RUN_ID='scheduled__2024-09-17T16:00:00+00:00'
[2024-09-19T08:56:15.792+0000] {taskinstance.py:731} INFO - ::endgroup::
[2024-09-19T08:56:15.805+0000] {python.py:75} INFO - Poking callable: <function _detect_file at 0xffff8fe71d00>
[2024-09-19T08:56:15.805+0000] {logging_mixin.py:190} INFO - HELLO WORLD
[2024-09-19T08:56:15.805+0000] {logging_mixin.py:190} INFO - CURRENT DATA LOG LIST: ['/opt/***/dags/data/data-drift/week1.csv']
[2024-09-19T08:56:15.806+0000] {logging_mixin.py:190} INFO - CURRENT DIRECTORY: /opt/***
[2024-09-19T08:56:15.810+0000] {base.py:336} INFO - Success criteria met. Exiting.
[2024-09-19T08:56:15.814+0000] {taskinstance.py:340} INFO - ::group::Post task execution logs
[2024-09-19T08:56:15.814+0000] {taskinstance.py:352} INFO - Marking task as SUCCESS. dag_id=monitoring_dag, task_id=detect_file, run_id=scheduled__2024-09-17T16:00:00+00:00, execution_date=20240917T160000, start_date=20240919T085615, end_date=20240919T085615
[2024-09-19T08:56:15.848+0000] {local_task_job_runner.py:266} INFO - Task exited with return code 0
[2024-09-19T08:56:15.863+0000] {taskinstance.py:3900} INFO - 1 downstream tasks scheduled from follow-on schedule check
[2024-09-19T08:56:15.864+0000] {local_task_job_runner.py:245} INFO - ::endgroup::
