[2024-09-19T07:46:45.260+0000] {local_task_job_runner.py:123} INFO - ::group::Pre task execution logs
[2024-09-19T07:46:45.266+0000] {taskinstance.py:2612} INFO - Dependencies all met for dep_context=non-requeueable deps ti=<TaskInstance: monitoring_dag.detect_file scheduled__2024-09-17T16:00:00+00:00 [queued]>
[2024-09-19T07:46:45.269+0000] {taskinstance.py:2612} INFO - Dependencies all met for dep_context=requeueable deps ti=<TaskInstance: monitoring_dag.detect_file scheduled__2024-09-17T16:00:00+00:00 [queued]>
[2024-09-19T07:46:45.269+0000] {taskinstance.py:2865} INFO - Starting attempt 1 of 1
[2024-09-19T07:46:45.274+0000] {taskinstance.py:2888} INFO - Executing <Task(PythonSensor): detect_file> on 2024-09-17 16:00:00+00:00
[2024-09-19T07:46:45.277+0000] {warnings.py:112} WARNING - /home/***/.local/lib/python3.12/site-packages/***/task/task_runner/standard_task_runner.py:70: DeprecationWarning: This process (pid=54) is multi-threaded, use of fork() may lead to deadlocks in the child.
  pid = os.fork()

[2024-09-19T07:46:45.278+0000] {standard_task_runner.py:72} INFO - Started process 69 to run task
[2024-09-19T07:46:45.278+0000] {standard_task_runner.py:104} INFO - Running: ['***', 'tasks', 'run', 'monitoring_dag', 'detect_file', 'scheduled__2024-09-17T16:00:00+00:00', '--job-id', '50', '--raw', '--subdir', 'DAGS_FOLDER/monitoring-dag.py', '--cfg-path', '/tmp/tmpjhod2nsk']
[2024-09-19T07:46:45.279+0000] {standard_task_runner.py:105} INFO - Job 50: Subtask detect_file
[2024-09-19T07:46:45.297+0000] {task_command.py:467} INFO - Running <TaskInstance: monitoring_dag.detect_file scheduled__2024-09-17T16:00:00+00:00 [running]> on host 99b9fc076387
[2024-09-19T07:46:45.327+0000] {taskinstance.py:3131} INFO - Exporting env vars: AIRFLOW_CTX_DAG_OWNER='***' AIRFLOW_CTX_DAG_ID='monitoring_dag' AIRFLOW_CTX_TASK_ID='detect_file' AIRFLOW_CTX_EXECUTION_DATE='2024-09-17T16:00:00+00:00' AIRFLOW_CTX_TRY_NUMBER='1' AIRFLOW_CTX_DAG_RUN_ID='scheduled__2024-09-17T16:00:00+00:00'
[2024-09-19T07:46:45.328+0000] {taskinstance.py:731} INFO - ::endgroup::
[2024-09-19T07:46:45.334+0000] {python.py:75} INFO - Poking callable: <function _detect_file at 0xffff92672a20>
[2024-09-19T07:46:45.334+0000] {logging_mixin.py:190} INFO - CURRENT DATA LOG LIST: []
[2024-09-19T07:46:45.335+0000] {logging_mixin.py:190} INFO - CURRENT DIRECTORY: /opt/***
[2024-09-19T07:47:45.339+0000] {python.py:75} INFO - Poking callable: <function _detect_file at 0xffff92672a20>
[2024-09-19T07:47:45.340+0000] {logging_mixin.py:190} INFO - CURRENT DATA LOG LIST: []
[2024-09-19T07:47:45.340+0000] {logging_mixin.py:190} INFO - CURRENT DIRECTORY: /opt/***
[2024-09-19T07:48:45.345+0000] {python.py:75} INFO - Poking callable: <function _detect_file at 0xffff92672a20>
[2024-09-19T07:48:45.346+0000] {logging_mixin.py:190} INFO - CURRENT DATA LOG LIST: []
[2024-09-19T07:48:45.347+0000] {logging_mixin.py:190} INFO - CURRENT DIRECTORY: /opt/***
[2024-09-19T07:49:45.349+0000] {python.py:75} INFO - Poking callable: <function _detect_file at 0xffff92672a20>
[2024-09-19T07:49:45.351+0000] {logging_mixin.py:190} INFO - CURRENT DATA LOG LIST: []
[2024-09-19T07:49:45.352+0000] {logging_mixin.py:190} INFO - CURRENT DIRECTORY: /opt/***
[2024-09-19T07:50:45.359+0000] {python.py:75} INFO - Poking callable: <function _detect_file at 0xffff92672a20>
[2024-09-19T07:50:45.359+0000] {logging_mixin.py:190} INFO - CURRENT DATA LOG LIST: []
[2024-09-19T07:50:45.360+0000] {logging_mixin.py:190} INFO - CURRENT DIRECTORY: /opt/***
[2024-09-19T07:51:45.363+0000] {python.py:75} INFO - Poking callable: <function _detect_file at 0xffff92672a20>
[2024-09-19T07:51:45.364+0000] {logging_mixin.py:190} INFO - CURRENT DATA LOG LIST: []
[2024-09-19T07:51:45.364+0000] {logging_mixin.py:190} INFO - CURRENT DIRECTORY: /opt/***
[2024-09-19T07:52:45.369+0000] {python.py:75} INFO - Poking callable: <function _detect_file at 0xffff92672a20>
[2024-09-19T07:52:45.370+0000] {logging_mixin.py:190} INFO - CURRENT DATA LOG LIST: []
[2024-09-19T07:52:45.371+0000] {logging_mixin.py:190} INFO - CURRENT DIRECTORY: /opt/***
[2024-09-19T07:53:45.378+0000] {python.py:75} INFO - Poking callable: <function _detect_file at 0xffff92672a20>
[2024-09-19T07:53:45.379+0000] {logging_mixin.py:190} INFO - CURRENT DATA LOG LIST: []
[2024-09-19T07:53:45.380+0000] {logging_mixin.py:190} INFO - CURRENT DIRECTORY: /opt/***
[2024-09-19T07:54:45.383+0000] {python.py:75} INFO - Poking callable: <function _detect_file at 0xffff92672a20>
[2024-09-19T07:54:45.386+0000] {logging_mixin.py:190} INFO - CURRENT DATA LOG LIST: []
[2024-09-19T07:54:45.387+0000] {logging_mixin.py:190} INFO - CURRENT DIRECTORY: /opt/***
[2024-09-19T07:55:45.389+0000] {python.py:75} INFO - Poking callable: <function _detect_file at 0xffff92672a20>
[2024-09-19T07:55:45.392+0000] {logging_mixin.py:190} INFO - CURRENT DATA LOG LIST: []
[2024-09-19T07:55:45.393+0000] {logging_mixin.py:190} INFO - CURRENT DIRECTORY: /opt/***
[2024-09-19T07:56:45.396+0000] {python.py:75} INFO - Poking callable: <function _detect_file at 0xffff92672a20>
[2024-09-19T07:56:45.396+0000] {logging_mixin.py:190} INFO - CURRENT DATA LOG LIST: []
[2024-09-19T07:56:45.397+0000] {logging_mixin.py:190} INFO - CURRENT DIRECTORY: /opt/***
[2024-09-19T07:57:45.402+0000] {python.py:75} INFO - Poking callable: <function _detect_file at 0xffff92672a20>
[2024-09-19T07:57:45.405+0000] {logging_mixin.py:190} INFO - CURRENT DATA LOG LIST: []
[2024-09-19T07:57:45.406+0000] {logging_mixin.py:190} INFO - CURRENT DIRECTORY: /opt/***
[2024-09-19T07:58:45.413+0000] {python.py:75} INFO - Poking callable: <function _detect_file at 0xffff92672a20>
[2024-09-19T07:58:45.415+0000] {logging_mixin.py:190} INFO - CURRENT DATA LOG LIST: []
[2024-09-19T07:58:45.416+0000] {logging_mixin.py:190} INFO - CURRENT DIRECTORY: /opt/***
[2024-09-19T07:59:45.422+0000] {python.py:75} INFO - Poking callable: <function _detect_file at 0xffff92672a20>
[2024-09-19T07:59:45.424+0000] {logging_mixin.py:190} INFO - CURRENT DATA LOG LIST: []
[2024-09-19T07:59:45.426+0000] {logging_mixin.py:190} INFO - CURRENT DIRECTORY: /opt/***
[2024-09-19T08:00:45.432+0000] {python.py:75} INFO - Poking callable: <function _detect_file at 0xffff92672a20>
[2024-09-19T08:00:45.435+0000] {logging_mixin.py:190} INFO - CURRENT DATA LOG LIST: []
[2024-09-19T08:00:45.436+0000] {logging_mixin.py:190} INFO - CURRENT DIRECTORY: /opt/***
[2024-09-19T08:01:45.442+0000] {python.py:75} INFO - Poking callable: <function _detect_file at 0xffff92672a20>
[2024-09-19T08:01:45.444+0000] {logging_mixin.py:190} INFO - CURRENT DATA LOG LIST: []
[2024-09-19T08:01:45.446+0000] {logging_mixin.py:190} INFO - CURRENT DIRECTORY: /opt/***
[2024-09-19T08:02:45.468+0000] {python.py:75} INFO - Poking callable: <function _detect_file at 0xffff92672a20>
[2024-09-19T08:02:45.469+0000] {logging_mixin.py:190} INFO - CURRENT DATA LOG LIST: []
[2024-09-19T08:02:45.469+0000] {logging_mixin.py:190} INFO - CURRENT DIRECTORY: /opt/***
[2024-09-19T08:03:45.494+0000] {python.py:75} INFO - Poking callable: <function _detect_file at 0xffff92672a20>
[2024-09-19T08:03:45.496+0000] {logging_mixin.py:190} INFO - CURRENT DATA LOG LIST: []
[2024-09-19T08:03:45.497+0000] {logging_mixin.py:190} INFO - CURRENT DIRECTORY: /opt/***
[2024-09-19T08:04:45.500+0000] {python.py:75} INFO - Poking callable: <function _detect_file at 0xffff92672a20>
[2024-09-19T08:04:45.503+0000] {logging_mixin.py:190} INFO - CURRENT DATA LOG LIST: []
[2024-09-19T08:04:45.504+0000] {logging_mixin.py:190} INFO - CURRENT DIRECTORY: /opt/***
[2024-09-19T08:05:45.506+0000] {python.py:75} INFO - Poking callable: <function _detect_file at 0xffff92672a20>
[2024-09-19T08:05:45.507+0000] {logging_mixin.py:190} INFO - CURRENT DATA LOG LIST: []
[2024-09-19T08:05:45.507+0000] {logging_mixin.py:190} INFO - CURRENT DIRECTORY: /opt/***
[2024-09-19T08:06:45.512+0000] {python.py:75} INFO - Poking callable: <function _detect_file at 0xffff92672a20>
[2024-09-19T08:06:45.513+0000] {logging_mixin.py:190} INFO - CURRENT DATA LOG LIST: []
[2024-09-19T08:06:45.514+0000] {logging_mixin.py:190} INFO - CURRENT DIRECTORY: /opt/***
[2024-09-19T08:07:45.518+0000] {python.py:75} INFO - Poking callable: <function _detect_file at 0xffff92672a20>
[2024-09-19T08:07:45.521+0000] {logging_mixin.py:190} INFO - CURRENT DATA LOG LIST: []
[2024-09-19T08:07:45.522+0000] {logging_mixin.py:190} INFO - CURRENT DIRECTORY: /opt/***
[2024-09-19T08:08:45.527+0000] {python.py:75} INFO - Poking callable: <function _detect_file at 0xffff92672a20>
[2024-09-19T08:08:45.528+0000] {logging_mixin.py:190} INFO - CURRENT DATA LOG LIST: []
[2024-09-19T08:08:45.529+0000] {logging_mixin.py:190} INFO - CURRENT DIRECTORY: /opt/***
[2024-09-19T08:09:45.535+0000] {python.py:75} INFO - Poking callable: <function _detect_file at 0xffff92672a20>
[2024-09-19T08:09:45.538+0000] {logging_mixin.py:190} INFO - CURRENT DATA LOG LIST: []
[2024-09-19T08:09:45.540+0000] {logging_mixin.py:190} INFO - CURRENT DIRECTORY: /opt/***
[2024-09-19T08:10:45.542+0000] {python.py:75} INFO - Poking callable: <function _detect_file at 0xffff92672a20>
[2024-09-19T08:10:45.544+0000] {logging_mixin.py:190} INFO - CURRENT DATA LOG LIST: []
[2024-09-19T08:10:45.545+0000] {logging_mixin.py:190} INFO - CURRENT DIRECTORY: /opt/***
[2024-09-19T08:11:26.800+0000] {local_task_job_runner.py:346} WARNING - State of this instance has been externally set to restarting. Terminating instance.
[2024-09-19T08:11:26.801+0000] {local_task_job_runner.py:245} INFO - ::endgroup::
[2024-09-19T08:11:26.802+0000] {process_utils.py:132} INFO - Sending 15 to group 69. PIDs of all processes in the group: [69]
[2024-09-19T08:11:26.802+0000] {process_utils.py:87} INFO - Sending the signal 15 to group 69
[2024-09-19T08:11:26.803+0000] {taskinstance.py:3092} ERROR - Received SIGTERM. Terminating subprocesses.
[2024-09-19T08:11:26.809+0000] {taskinstance.py:3310} ERROR - Task failed with exception
Traceback (most recent call last):
  File "/home/airflow/.local/lib/python3.12/site-packages/airflow/models/taskinstance.py", line 767, in _execute_task
    result = _execute_callable(context=context, **execute_callable_kwargs)
             ^^^^^^^^^^^^^^^^^^^^^^^^^^^^^^^^^^^^^^^^^^^^^^^^^^^^^^^^^^^^^
  File "/home/airflow/.local/lib/python3.12/site-packages/airflow/models/taskinstance.py", line 733, in _execute_callable
    return ExecutionCallableRunner(
           ^^^^^^^^^^^^^^^^^^^^^^^^
  File "/home/airflow/.local/lib/python3.12/site-packages/airflow/utils/operator_helpers.py", line 252, in run
    return self.func(*args, **kwargs)
           ^^^^^^^^^^^^^^^^^^^^^^^^^^
  File "/home/airflow/.local/lib/python3.12/site-packages/airflow/models/baseoperator.py", line 406, in wrapper
    return func(self, *args, **kwargs)
           ^^^^^^^^^^^^^^^^^^^^^^^^^^^
  File "/home/airflow/.local/lib/python3.12/site-packages/airflow/sensors/base.py", line 334, in execute
    time.sleep(self._get_next_poke_interval(started_at, run_duration, poke_count))
  File "/home/airflow/.local/lib/python3.12/site-packages/airflow/models/taskinstance.py", line 3094, in signal_handler
    raise AirflowTaskTerminated("Task received SIGTERM signal")
airflow.exceptions.AirflowTaskTerminated: Task received SIGTERM signal
[2024-09-19T08:11:26.815+0000] {taskinstance.py:1225} INFO - Marking task as UP_FOR_RETRY. dag_id=monitoring_dag, task_id=detect_file, run_id=scheduled__2024-09-17T16:00:00+00:00, execution_date=20240917T160000, start_date=20240919T074645, end_date=20240919T081126
[2024-09-19T08:11:26.821+0000] {taskinstance.py:340} INFO - ::group::Post task execution logs
[2024-09-19T08:11:26.837+0000] {process_utils.py:80} INFO - Process psutil.Process(pid=69, status='terminated', exitcode=2, started='07:46:44') (69) terminated with exit code 2
