[2024-09-18T14:54:14.743+0000] {local_task_job_runner.py:123} INFO - ::group::Pre task execution logs
[2024-09-18T14:54:14.750+0000] {taskinstance.py:2612} INFO - Dependencies all met for dep_context=non-requeueable deps ti=<TaskInstance: monitoring_dag.detect_file manual__2024-09-18T14:54:12.008813+00:00 [queued]>
[2024-09-18T14:54:14.753+0000] {taskinstance.py:2612} INFO - Dependencies all met for dep_context=requeueable deps ti=<TaskInstance: monitoring_dag.detect_file manual__2024-09-18T14:54:12.008813+00:00 [queued]>
[2024-09-18T14:54:14.754+0000] {taskinstance.py:2865} INFO - Starting attempt 1 of 1
[2024-09-18T14:54:14.758+0000] {taskinstance.py:2888} INFO - Executing <Task(PythonSensor): detect_file> on 2024-09-18 14:54:12.008813+00:00
[2024-09-18T14:54:14.762+0000] {warnings.py:112} WARNING - /home/***/.local/lib/python3.12/site-packages/***/task/task_runner/standard_task_runner.py:70: DeprecationWarning: This process (pid=56) is multi-threaded, use of fork() may lead to deadlocks in the child.
  pid = os.fork()

[2024-09-18T14:54:14.763+0000] {standard_task_runner.py:72} INFO - Started process 85 to run task
[2024-09-18T14:54:14.764+0000] {standard_task_runner.py:104} INFO - Running: ['***', 'tasks', 'run', 'monitoring_dag', 'detect_file', 'manual__2024-09-18T14:54:12.008813+00:00', '--job-id', '46', '--raw', '--subdir', 'DAGS_FOLDER/monitoring-dag.py', '--cfg-path', '/tmp/tmp3hgqnvbu']
[2024-09-18T14:54:14.765+0000] {standard_task_runner.py:105} INFO - Job 46: Subtask detect_file
[2024-09-18T14:54:14.787+0000] {task_command.py:467} INFO - Running <TaskInstance: monitoring_dag.detect_file manual__2024-09-18T14:54:12.008813+00:00 [running]> on host 99b9fc076387
[2024-09-18T14:54:14.817+0000] {taskinstance.py:3131} INFO - Exporting env vars: AIRFLOW_CTX_DAG_OWNER='***' AIRFLOW_CTX_DAG_ID='monitoring_dag' AIRFLOW_CTX_TASK_ID='detect_file' AIRFLOW_CTX_EXECUTION_DATE='2024-09-18T14:54:12.008813+00:00' AIRFLOW_CTX_TRY_NUMBER='1' AIRFLOW_CTX_DAG_RUN_ID='manual__2024-09-18T14:54:12.008813+00:00'
[2024-09-18T14:54:14.818+0000] {taskinstance.py:731} INFO - ::endgroup::
[2024-09-18T14:54:14.831+0000] {python.py:75} INFO - Poking callable: <function _detect_file at 0xffff71da1940>
[2024-09-18T14:55:14.833+0000] {python.py:75} INFO - Poking callable: <function _detect_file at 0xffff71da1940>
[2024-09-18T14:56:14.841+0000] {python.py:75} INFO - Poking callable: <function _detect_file at 0xffff71da1940>
[2024-09-18T14:57:14.847+0000] {python.py:75} INFO - Poking callable: <function _detect_file at 0xffff71da1940>
[2024-09-18T14:58:14.850+0000] {python.py:75} INFO - Poking callable: <function _detect_file at 0xffff71da1940>
[2024-09-18T14:59:14.853+0000] {python.py:75} INFO - Poking callable: <function _detect_file at 0xffff71da1940>
[2024-09-18T15:00:14.859+0000] {python.py:75} INFO - Poking callable: <function _detect_file at 0xffff71da1940>
[2024-09-18T15:01:14.863+0000] {python.py:75} INFO - Poking callable: <function _detect_file at 0xffff71da1940>
[2024-09-18T15:02:14.871+0000] {python.py:75} INFO - Poking callable: <function _detect_file at 0xffff71da1940>
[2024-09-18T15:03:14.879+0000] {python.py:75} INFO - Poking callable: <function _detect_file at 0xffff71da1940>
[2024-09-18T15:04:14.885+0000] {python.py:75} INFO - Poking callable: <function _detect_file at 0xffff71da1940>
[2024-09-18T15:05:14.894+0000] {python.py:75} INFO - Poking callable: <function _detect_file at 0xffff71da1940>
[2024-09-18T15:06:14.900+0000] {python.py:75} INFO - Poking callable: <function _detect_file at 0xffff71da1940>
[2024-09-18T15:07:14.909+0000] {python.py:75} INFO - Poking callable: <function _detect_file at 0xffff71da1940>
[2024-09-18T15:08:14.913+0000] {python.py:75} INFO - Poking callable: <function _detect_file at 0xffff71da1940>
[2024-09-18T15:09:14.919+0000] {python.py:75} INFO - Poking callable: <function _detect_file at 0xffff71da1940>
[2024-09-18T15:10:14.922+0000] {python.py:75} INFO - Poking callable: <function _detect_file at 0xffff71da1940>
[2024-09-18T15:11:14.924+0000] {python.py:75} INFO - Poking callable: <function _detect_file at 0xffff71da1940>
[2024-09-18T15:12:14.931+0000] {python.py:75} INFO - Poking callable: <function _detect_file at 0xffff71da1940>
[2024-09-18T15:13:14.937+0000] {python.py:75} INFO - Poking callable: <function _detect_file at 0xffff71da1940>
[2024-09-18T15:14:14.940+0000] {python.py:75} INFO - Poking callable: <function _detect_file at 0xffff71da1940>
[2024-09-18T15:15:14.947+0000] {python.py:75} INFO - Poking callable: <function _detect_file at 0xffff71da1940>
[2024-09-18T15:16:14.953+0000] {python.py:75} INFO - Poking callable: <function _detect_file at 0xffff71da1940>
[2024-09-18T15:17:14.977+0000] {python.py:75} INFO - Poking callable: <function _detect_file at 0xffff71da1940>
[2024-09-18T15:18:14.982+0000] {python.py:75} INFO - Poking callable: <function _detect_file at 0xffff71da1940>
[2024-09-18T15:19:14.986+0000] {python.py:75} INFO - Poking callable: <function _detect_file at 0xffff71da1940>
[2024-09-18T15:20:14.991+0000] {python.py:75} INFO - Poking callable: <function _detect_file at 0xffff71da1940>
[2024-09-18T15:21:14.998+0000] {python.py:75} INFO - Poking callable: <function _detect_file at 0xffff71da1940>
[2024-09-18T15:22:15.005+0000] {python.py:75} INFO - Poking callable: <function _detect_file at 0xffff71da1940>
[2024-09-18T15:23:15.016+0000] {python.py:75} INFO - Poking callable: <function _detect_file at 0xffff71da1940>
[2024-09-18T15:24:15.024+0000] {python.py:75} INFO - Poking callable: <function _detect_file at 0xffff71da1940>
[2024-09-18T15:25:15.030+0000] {python.py:75} INFO - Poking callable: <function _detect_file at 0xffff71da1940>
[2024-09-18T15:26:15.038+0000] {python.py:75} INFO - Poking callable: <function _detect_file at 0xffff71da1940>
[2024-09-18T15:27:15.044+0000] {python.py:75} INFO - Poking callable: <function _detect_file at 0xffff71da1940>
[2024-09-18T15:28:15.048+0000] {python.py:75} INFO - Poking callable: <function _detect_file at 0xffff71da1940>
[2024-09-18T15:29:15.057+0000] {python.py:75} INFO - Poking callable: <function _detect_file at 0xffff71da1940>
[2024-09-18T15:30:15.064+0000] {python.py:75} INFO - Poking callable: <function _detect_file at 0xffff71da1940>
[2024-09-18T15:31:15.072+0000] {python.py:75} INFO - Poking callable: <function _detect_file at 0xffff71da1940>
[2024-09-18T15:32:15.079+0000] {python.py:75} INFO - Poking callable: <function _detect_file at 0xffff71da1940>
[2024-09-18T15:33:15.083+0000] {python.py:75} INFO - Poking callable: <function _detect_file at 0xffff71da1940>
[2024-09-18T15:34:15.086+0000] {python.py:75} INFO - Poking callable: <function _detect_file at 0xffff71da1940>
[2024-09-18T15:35:15.096+0000] {python.py:75} INFO - Poking callable: <function _detect_file at 0xffff71da1940>
[2024-09-18T15:36:15.100+0000] {python.py:75} INFO - Poking callable: <function _detect_file at 0xffff71da1940>
[2024-09-18T15:37:15.104+0000] {python.py:75} INFO - Poking callable: <function _detect_file at 0xffff71da1940>
[2024-09-18T15:38:15.111+0000] {python.py:75} INFO - Poking callable: <function _detect_file at 0xffff71da1940>
[2024-09-18T15:39:15.113+0000] {python.py:75} INFO - Poking callable: <function _detect_file at 0xffff71da1940>
[2024-09-18T15:40:15.121+0000] {python.py:75} INFO - Poking callable: <function _detect_file at 0xffff71da1940>
[2024-09-18T15:41:15.128+0000] {python.py:75} INFO - Poking callable: <function _detect_file at 0xffff71da1940>
[2024-09-18T15:42:15.137+0000] {python.py:75} INFO - Poking callable: <function _detect_file at 0xffff71da1940>
[2024-09-18T15:43:15.144+0000] {python.py:75} INFO - Poking callable: <function _detect_file at 0xffff71da1940>
[2024-09-18T15:44:15.151+0000] {python.py:75} INFO - Poking callable: <function _detect_file at 0xffff71da1940>
[2024-09-18T15:45:15.154+0000] {python.py:75} INFO - Poking callable: <function _detect_file at 0xffff71da1940>
