[2024-09-18T14:54:14.743+0000] {local_task_job_runner.py:123} INFO - ::group::Pre task execution logs
[2024-09-18T14:54:14.751+0000] {taskinstance.py:2612} INFO - Dependencies all met for dep_context=non-requeueable deps ti=<TaskInstance: monitoring_dag.detect_file scheduled__2024-09-16T16:00:00+00:00 [queued]>
[2024-09-18T14:54:14.754+0000] {taskinstance.py:2612} INFO - Dependencies all met for dep_context=requeueable deps ti=<TaskInstance: monitoring_dag.detect_file scheduled__2024-09-16T16:00:00+00:00 [queued]>
[2024-09-18T14:54:14.754+0000] {taskinstance.py:2865} INFO - Starting attempt 1 of 1
[2024-09-18T14:54:14.759+0000] {taskinstance.py:2888} INFO - Executing <Task(PythonSensor): detect_file> on 2024-09-16 16:00:00+00:00
[2024-09-18T14:54:14.763+0000] {warnings.py:112} WARNING - /home/***/.local/lib/python3.12/site-packages/***/task/task_runner/standard_task_runner.py:70: DeprecationWarning: This process (pid=55) is multi-threaded, use of fork() may lead to deadlocks in the child.
  pid = os.fork()

[2024-09-18T14:54:14.763+0000] {standard_task_runner.py:72} INFO - Started process 86 to run task
[2024-09-18T14:54:14.764+0000] {standard_task_runner.py:104} INFO - Running: ['***', 'tasks', 'run', 'monitoring_dag', 'detect_file', 'scheduled__2024-09-16T16:00:00+00:00', '--job-id', '47', '--raw', '--subdir', 'DAGS_FOLDER/monitoring-dag.py', '--cfg-path', '/tmp/tmp8497l_37']
[2024-09-18T14:54:14.765+0000] {standard_task_runner.py:105} INFO - Job 47: Subtask detect_file
[2024-09-18T14:54:14.787+0000] {task_command.py:467} INFO - Running <TaskInstance: monitoring_dag.detect_file scheduled__2024-09-16T16:00:00+00:00 [running]> on host 99b9fc076387
[2024-09-18T14:54:14.817+0000] {taskinstance.py:3131} INFO - Exporting env vars: AIRFLOW_CTX_DAG_OWNER='***' AIRFLOW_CTX_DAG_ID='monitoring_dag' AIRFLOW_CTX_TASK_ID='detect_file' AIRFLOW_CTX_EXECUTION_DATE='2024-09-16T16:00:00+00:00' AIRFLOW_CTX_TRY_NUMBER='1' AIRFLOW_CTX_DAG_RUN_ID='scheduled__2024-09-16T16:00:00+00:00'
[2024-09-18T14:54:14.817+0000] {taskinstance.py:731} INFO - ::endgroup::
[2024-09-18T14:54:14.831+0000] {python.py:75} INFO - Poking callable: <function _detect_file at 0xffff71dc1c60>
[2024-09-18T14:55:14.833+0000] {python.py:75} INFO - Poking callable: <function _detect_file at 0xffff71dc1c60>
[2024-09-18T14:56:14.837+0000] {python.py:75} INFO - Poking callable: <function _detect_file at 0xffff71dc1c60>
[2024-09-18T14:57:14.839+0000] {python.py:75} INFO - Poking callable: <function _detect_file at 0xffff71dc1c60>
[2024-09-18T14:58:14.844+0000] {python.py:75} INFO - Poking callable: <function _detect_file at 0xffff71dc1c60>
[2024-09-18T14:59:14.847+0000] {python.py:75} INFO - Poking callable: <function _detect_file at 0xffff71dc1c60>
[2024-09-18T15:00:14.853+0000] {python.py:75} INFO - Poking callable: <function _detect_file at 0xffff71dc1c60>
[2024-09-18T15:01:14.859+0000] {python.py:75} INFO - Poking callable: <function _detect_file at 0xffff71dc1c60>
[2024-09-18T15:02:14.863+0000] {python.py:75} INFO - Poking callable: <function _detect_file at 0xffff71dc1c60>
[2024-09-18T15:03:14.866+0000] {python.py:75} INFO - Poking callable: <function _detect_file at 0xffff71dc1c60>
[2024-09-18T15:04:14.869+0000] {python.py:75} INFO - Poking callable: <function _detect_file at 0xffff71dc1c60>
[2024-09-18T15:05:14.878+0000] {python.py:75} INFO - Poking callable: <function _detect_file at 0xffff71dc1c60>
[2024-09-18T15:06:14.882+0000] {python.py:75} INFO - Poking callable: <function _detect_file at 0xffff71dc1c60>
[2024-09-18T15:07:14.885+0000] {python.py:75} INFO - Poking callable: <function _detect_file at 0xffff71dc1c60>
[2024-09-18T15:08:14.890+0000] {python.py:75} INFO - Poking callable: <function _detect_file at 0xffff71dc1c60>
[2024-09-18T15:09:14.892+0000] {python.py:75} INFO - Poking callable: <function _detect_file at 0xffff71dc1c60>
[2024-09-18T15:10:14.899+0000] {python.py:75} INFO - Poking callable: <function _detect_file at 0xffff71dc1c60>
[2024-09-18T15:11:14.903+0000] {python.py:75} INFO - Poking callable: <function _detect_file at 0xffff71dc1c60>
[2024-09-18T15:12:14.908+0000] {python.py:75} INFO - Poking callable: <function _detect_file at 0xffff71dc1c60>
[2024-09-18T15:13:14.912+0000] {python.py:75} INFO - Poking callable: <function _detect_file at 0xffff71dc1c60>
[2024-09-18T15:14:14.915+0000] {python.py:75} INFO - Poking callable: <function _detect_file at 0xffff71dc1c60>
[2024-09-18T15:15:14.922+0000] {python.py:75} INFO - Poking callable: <function _detect_file at 0xffff71dc1c60>
[2024-09-18T15:16:14.927+0000] {python.py:75} INFO - Poking callable: <function _detect_file at 0xffff71dc1c60>
[2024-09-18T15:17:14.955+0000] {python.py:75} INFO - Poking callable: <function _detect_file at 0xffff71dc1c60>
[2024-09-18T15:18:14.959+0000] {python.py:75} INFO - Poking callable: <function _detect_file at 0xffff71dc1c60>
[2024-09-18T15:19:14.967+0000] {python.py:75} INFO - Poking callable: <function _detect_file at 0xffff71dc1c60>
[2024-09-18T15:20:14.973+0000] {python.py:75} INFO - Poking callable: <function _detect_file at 0xffff71dc1c60>
[2024-09-18T15:21:14.974+0000] {python.py:75} INFO - Poking callable: <function _detect_file at 0xffff71dc1c60>
[2024-09-18T15:22:14.976+0000] {python.py:75} INFO - Poking callable: <function _detect_file at 0xffff71dc1c60>
[2024-09-18T15:23:14.983+0000] {python.py:75} INFO - Poking callable: <function _detect_file at 0xffff71dc1c60>
[2024-09-18T15:24:14.989+0000] {python.py:75} INFO - Poking callable: <function _detect_file at 0xffff71dc1c60>
[2024-09-18T15:25:14.994+0000] {python.py:75} INFO - Poking callable: <function _detect_file at 0xffff71dc1c60>
[2024-09-18T15:26:14.997+0000] {python.py:75} INFO - Poking callable: <function _detect_file at 0xffff71dc1c60>
[2024-09-18T15:27:15.005+0000] {python.py:75} INFO - Poking callable: <function _detect_file at 0xffff71dc1c60>
[2024-09-18T15:28:15.010+0000] {python.py:75} INFO - Poking callable: <function _detect_file at 0xffff71dc1c60>
[2024-09-18T15:29:15.019+0000] {python.py:75} INFO - Poking callable: <function _detect_file at 0xffff71dc1c60>
[2024-09-18T15:30:15.023+0000] {python.py:75} INFO - Poking callable: <function _detect_file at 0xffff71dc1c60>
[2024-09-18T15:31:15.028+0000] {python.py:75} INFO - Poking callable: <function _detect_file at 0xffff71dc1c60>
[2024-09-18T15:32:15.033+0000] {python.py:75} INFO - Poking callable: <function _detect_file at 0xffff71dc1c60>
[2024-09-18T15:33:15.034+0000] {python.py:75} INFO - Poking callable: <function _detect_file at 0xffff71dc1c60>
[2024-09-18T15:34:15.037+0000] {python.py:75} INFO - Poking callable: <function _detect_file at 0xffff71dc1c60>
[2024-09-18T15:35:15.043+0000] {python.py:75} INFO - Poking callable: <function _detect_file at 0xffff71dc1c60>
[2024-09-18T15:36:15.049+0000] {python.py:75} INFO - Poking callable: <function _detect_file at 0xffff71dc1c60>
[2024-09-18T15:37:15.053+0000] {python.py:75} INFO - Poking callable: <function _detect_file at 0xffff71dc1c60>
[2024-09-18T15:38:15.058+0000] {python.py:75} INFO - Poking callable: <function _detect_file at 0xffff71dc1c60>
[2024-09-18T15:39:15.064+0000] {python.py:75} INFO - Poking callable: <function _detect_file at 0xffff71dc1c60>
[2024-09-18T15:40:15.072+0000] {python.py:75} INFO - Poking callable: <function _detect_file at 0xffff71dc1c60>
[2024-09-18T15:41:15.080+0000] {python.py:75} INFO - Poking callable: <function _detect_file at 0xffff71dc1c60>
[2024-09-18T15:42:15.087+0000] {python.py:75} INFO - Poking callable: <function _detect_file at 0xffff71dc1c60>
[2024-09-18T15:43:15.090+0000] {python.py:75} INFO - Poking callable: <function _detect_file at 0xffff71dc1c60>
[2024-09-18T15:44:15.093+0000] {python.py:75} INFO - Poking callable: <function _detect_file at 0xffff71dc1c60>
[2024-09-18T15:45:15.096+0000] {python.py:75} INFO - Poking callable: <function _detect_file at 0xffff71dc1c60>
